0 info it worked if it ends with ok
1 verbose cli [ '/usr/local/bin/node', '/usr/local/bin/npm', 'init' ]
2 info using npm@1.4.21
3 info using node@v0.10.30
4 silly package data undefined
5 info init written successfully
6 error Error: Invalid version: "npm install plus.garden --save"
6 error     at Object.module.exports.fixVersionField (/usr/local/lib/node_modules/npm/node_modules/read-package-json/node_modules/normalize-package-data/lib/fixer.js:183:13)
6 error     at /usr/local/lib/node_modules/npm/node_modules/read-package-json/node_modules/normalize-package-data/lib/normalize.js:30:38
6 error     at Array.forEach (native)
6 error     at normalize (/usr/local/lib/node_modules/npm/node_modules/read-package-json/node_modules/normalize-package-data/lib/normalize.js:29:15)
6 error     at final (/usr/local/lib/node_modules/npm/node_modules/read-package-json/read-json.js:342:33)
6 error     at then (/usr/local/lib/node_modules/npm/node_modules/read-package-json/read-json.js:126:33)
6 error     at gypfile_ (/usr/local/lib/node_modules/npm/node_modules/read-package-json/read-json.js:158:43)
6 error     at /usr/local/lib/node_modules/npm/node_modules/read-package-json/read-json.js:153:33
6 error     at f (/usr/local/lib/node_modules/npm/node_modules/once/once.js:16:25)
6 error     at Glob.<anonymous> (/usr/local/lib/node_modules/npm/node_modules/glob/glob.js:100:7)
7 error If you need help, you may report this *entire* log,
7 error including the npm and node versions, at:
7 error     <http://github.com/npm/npm/issues>
8 error System Linux 4.1.13-boot2docker
9 error command "/usr/local/bin/node" "/usr/local/bin/npm" "init"
10 error cwd /var/www/html/redfusion/garden
11 error node -v v0.10.30
12 error npm -v 1.4.21
13 verbose exit [ 1, true ]
